
===== who =====
WHO DON: +100 (total 100)
WHO DON: +100 (total 200)
WHO DON: +100 (total 300)
WHO DON: +100 (total 400)
WHO DON: +100 (total 500)
WHO DON: +100 (total 600)
WHO DON: +100 (total 700)
WHO DON: +100 (total 800)
WHO DON: +100 (total 900)
WHO DON: +100 (total 1000)
WHO DON: +100 (total 1100)
WHO DON: +100 (total 1200)
WHO DON: +100 (total 1300)
WHO DON: +100 (total 1400)
WHO DON: +100 (total 1500)
WHO DON: +100 (total 1600)
WHO DON: +100 (total 1700)
WHO DON: +100 (total 1800)
WHO DON: +100 (total 1900)
WHO DON: +100 (total 2000)
WHO DON: +100 (total 2100)
WHO DON: +100 (total 2200)
WHO DON: +100 (total 2300)
WHO DON: +100 (total 2400)
WHO DON: +100 (total 2500)
WHO DON: +100 (total 2600)
WHO DON: +100 (total 2700)
WHO DON: +100 (total 2800)
WHO DON: +100 (total 2900)
WHO DON: +100 (total 3000)
WHO DON: +100 (total 3100)
WHO DON: +91 (total 3191)
[saved] who-don.json (3191)

===== usgs =====
USGS 1960-1964: total 467
USGS 1964-1968: total 964
USGS 1968-1972: total 1562
USGS 1972-1976: total 2006
USGS 1976-1980: total 2394
USGS 1980-1984: total 2805
USGS 1984-1988: total 3416
USGS 1988-1992: total 3972
USGS 1992-1996: total 4660
USGS 1996-2000: total 5216
USGS 2000-2004: total 5806
USGS 2004-2008: total 6462
USGS 2008-2012: total 7182
USGS 2012-2016: total 7758
USGS 2016-2020: total 8295
USGS 2020-2024: total 8847
USGS 2024-2027: total 9168
[saved] usgs.json (9168)

===== eonet =====
FAILED eonet: SyntaxError: Expected ',' or ']' after array element in JSON at position 340491 (line 6088 column 8)

===== gdacs =====
GDACS FL 2005-2007: +71 (total 71)
GDACS FL 2007-2009: +76 (total 147)
GDACS FL 2009-2011: +51 (total 198)
GDACS FL 2011-2013: +40 (total 238)
GDACS FL 2013-2015: +34 (total 272)
GDACS FL 2015-2017: +23 (total 295)
GDACS FL 2017-2019: +12 (total 307)
GDACS FL 2019-2021: +38 (total 345)
GDACS FL 2021-2023: +35 (total 380)
GDACS FL 2023-2025: +35 (total 415)
GDACS FL 2025-2027: +32 (total 447)
GDACS TC 2005: failed SyntaxError: Unexpected end of JSON input
GDACS TC 2007-2009: +1 (total 448)
GDACS TC 2009-2011: +1 (total 449)
GDACS TC 2011-2013: +22 (total 471)
GDACS TC 2013-2015: +26 (total 497)
GDACS TC 2015-2017: +38 (total 535)
GDACS TC 2017-2019: +41 (total 576)
GDACS TC 2019-2021: +48 (total 624)
GDACS TC 2021-2023: +42 (total 666)
GDACS TC 2023-2025: +50 (total 716)
GDACS TC 2025-2027: +26 (total 742)
GDACS DR 2005: failed SyntaxError: Unexpected end of JSON input
GDACS DR 2007: failed SyntaxError: Unexpected end of JSON input
GDACS DR 2009: failed SyntaxError: Unexpected end of JSON input
GDACS DR 2011: failed SyntaxError: Unexpected end of JSON input
GDACS DR 2013: failed SyntaxError: Unexpected end of JSON input
GDACS DR 2015: failed SyntaxError: Unexpected end of JSON input
GDACS DR 2017-2019: +19 (total 761)
GDACS DR 2019-2021: +27 (total 788)
GDACS DR 2021-2023: +3 (total 791)
GDACS DR 2023-2025: +1 (total 792)
GDACS DR 2025-2027: +3 (total 795)
GDACS VO 2005: failed SyntaxError: Unexpected end of JSON input
GDACS VO 2007: failed SyntaxError: Unexpected end of JSON input
GDACS VO 2009: failed SyntaxError: Unexpected end of JSON input
GDACS VO 2011-2013: +10 (total 805)
GDACS VO 2013-2015: +9 (total 814)
GDACS VO 2015: failed SyntaxError: Unexpected end of JSON input
GDACS VO 2017-2019: +5 (total 819)
GDACS VO 2019-2021: +1 (total 820)
GDACS VO 2021-2023: +6 (total 826)
GDACS VO 2023-2025: +3 (total 829)
GDACS VO 2025-2027: +11 (total 840)
GDACS WF 2005: failed SyntaxError: Unexpected end of JSON input
GDACS WF 2007: failed SyntaxError: Unexpected end of JSON input
GDACS WF 2009: failed SyntaxError: Unexpected end of JSON input
GDACS WF 2011: failed SyntaxError: Unexpected end of JSON input
GDACS WF 2013: failed SyntaxError: Unexpected end of JSON input
GDACS WF 2015: failed SyntaxError: Unexpected end of JSON input
GDACS WF 2017: failed SyntaxError: Unexpected end of JSON input
GDACS WF 2019: failed SyntaxError: Unexpected end of JSON input
GDACS WF 2021-2023: +5 (total 845)
GDACS WF 2023-2025: +24 (total 869)
GDACS WF 2025-2027: +17 (total 886)
GDACS EQ 2005-2007: +100 (total 986)
GDACS EQ 2007-2009: +100 (total 1086)
GDACS EQ 2009-2011: +75 (total 1161)
GDACS EQ 2011-2013: +52 (total 1213)
GDACS EQ 2013-2015: +41 (total 1254)
GDACS EQ 2015-2017: +45 (total 1299)
GDACS EQ 2017-2019: +39 (total 1338)
GDACS EQ 2019-2021: +37 (total 1375)
GDACS EQ 2021-2023: +35 (total 1410)
GDACS EQ 2023-2025: +48 (total 1458)
GDACS EQ 2025-2027: +45 (total 1503)
[saved] gdacs.json (1503)

===== ncei-tsunamis =====
NCEI tsunamis/events p1: total 200/3122
NCEI tsunamis/events p2: total 400/3122
NCEI tsunamis/events p3: total 600/3122
NCEI tsunamis/events p4: total 800/3122
NCEI tsunamis/events p5: total 1000/3122
NCEI tsunamis/events p6: total 1200/3122
NCEI tsunamis/events p7: total 1400/3122
NCEI tsunamis/events p8: total 1600/3122
NCEI tsunamis/events p9: total 1800/3122
NCEI tsunamis/events p10: total 2000/3122
NCEI tsunamis/events p11: total 2200/3122
NCEI tsunamis/events p12: total 2400/3122
NCEI tsunamis/events p13: total 2600/3122
NCEI tsunamis/events p14: total 2800/3122
NCEI tsunamis/events p15: total 3000/3122
NCEI tsunamis/events p16: total 3122/3122
[saved] ncei-tsunamis-events.json (3122)

===== ncei-volcanoes =====
NCEI volcanoes p1: total 200/900
NCEI volcanoes p2: total 400/900
NCEI volcanoes p3: total 600/900
NCEI volcanoes p4: total 800/900
NCEI volcanoes p5: total 900/900
[saved] ncei-volcanoes.json (900)

===== ncei-earthquakes =====
NCEI earthquakes p1: total 200/6682
NCEI earthquakes p2: total 400/6682
NCEI earthquakes p3: total 600/6682
NCEI earthquakes p4: total 800/6682
NCEI earthquakes p5: total 1000/6682
NCEI earthquakes p6: total 1200/6682
NCEI earthquakes p7: total 1400/6682
NCEI earthquakes p8: total 1600/6682
NCEI earthquakes p9: total 1800/6682
NCEI earthquakes p10: total 2000/6682
NCEI earthquakes p11: total 2200/6682
NCEI earthquakes p12: total 2400/6682
NCEI earthquakes p13: total 2600/6682
NCEI earthquakes p14: total 2800/6682
NCEI earthquakes p15: total 3000/6682
NCEI earthquakes p16: total 3200/6682
NCEI earthquakes p17: total 3400/6682
NCEI earthquakes p18: total 3600/6682
NCEI earthquakes p19: total 3800/6682
NCEI earthquakes p20: total 4000/6682
NCEI earthquakes p21: total 4200/6682
NCEI earthquakes p22: total 4400/6682
NCEI earthquakes p23: total 4600/6682
NCEI earthquakes p24: total 4800/6682
NCEI earthquakes p25: total 5000/6682
NCEI earthquakes p26: total 5200/6682
NCEI earthquakes p27: total 5400/6682
NCEI earthquakes p28: total 5600/6682
NCEI earthquakes p29: total 5800/6682
NCEI earthquakes p30: total 6000/6682
NCEI earthquakes p31: total 6200/6682
NCEI earthquakes p32: total 6400/6682
NCEI earthquakes p33: total 6600/6682
NCEI earthquakes p34: total 6682/6682
[saved] ncei-earthquakes.json (6682)

===== emsc =====
EMSC 2005-2008: total 417
EMSC 2008-2011: total 908
EMSC 2011-2014: total 1404
EMSC 2014-2017: total 1840
EMSC 2017-2020: total 2228
EMSC 2020-2023: total 2630
EMSC 2023-2026: total 3030
EMSC 2026-2027: total 3105
[saved] emsc.json (3105)

fetch done
